20:59:25.254 [main                     ] DEBUG Logger               - Configured Logger
20:59:25.278 [main                     ] DEBUG GameApplication      - Logging settings
Title: School Simulator
Version: 0.1
Width: 800
Height: 450
Fullscreen: false
Intro: false
Profiling: false
Single step:false
App Mode: DEVELOPER
Menu Key: ESCAPE
Stage Style: DECORATED
Scene Factory: class com.almasb.fxgl.app.scene.SceneFactory

20:59:30.568 [JavaFX Application Thread] DEBUG FXGLApplication      - Initializing FXGL
20:59:30.571 [JavaFX Application Thread] INFO  Engine               - FXGL-17.2 (20.08.2022 16.50) on MAC (J:17.0.9 FX:17.0.6)
20:59:30.571 [JavaFX Application Thread] DEBUG Engine               - JRE Vendor Name: Eclipse Adoptium
20:59:30.571 [JavaFX Application Thread] DEBUG Engine               - Running on OS: Mac OS X version 14.0
20:59:30.571 [JavaFX Application Thread] DEBUG Engine               - Architecture: aarch64
20:59:30.571 [JavaFX Application Thread] INFO  Engine               - Source code and latest versions at: https://github.com/AlmasB/FXGL
20:59:30.572 [JavaFX Application Thread] INFO  Engine               -       Ask questions and discuss at: https://github.com/AlmasB/FXGL/discussions
20:59:30.572 [JavaFX Application Thread] INFO  Engine               -              Join the FXGL chat at: https://gitter.im/AlmasB/FXGL
20:59:30.613 [JavaFX Application Thread] DEBUG PrimaryStageWindow   - Creating a JavaFX scene
20:59:30.630 [JavaFX Application Thread] DEBUG PrimaryStageWindow   - Target settings size: 800.0 x 450.0
20:59:30.630 [JavaFX Application Thread] DEBUG PrimaryStageWindow   - Scaled scene size:    800.0 x 450.0
20:59:30.630 [JavaFX Application Thread] DEBUG PrimaryStageWindow   - Scaled ratio: (1.0, 1.0)
20:59:30.631 [JavaFX Application Thread] DEBUG PrimaryStageWindow   - Set initial scene to FXGLStartupScene
20:59:30.633 [JavaFX Application Thread] DEBUG PrimaryStageWindow   - Opening main window
20:59:30.685 [JavaFX Application Thread] DEBUG PrimaryStageWindow   - Window border size: (0.0, 28.0)
20:59:30.685 [JavaFX Application Thread] DEBUG PrimaryStageWindow   - Scaled size: 800.0 x 450.0
20:59:30.686 [JavaFX Application Thread] DEBUG PrimaryStageWindow   - Scaled ratio: (1.0, 1.0)
20:59:30.686 [JavaFX Application Thread] DEBUG PrimaryStageWindow   - Scene size: 800.0 x 450.0
20:59:30.686 [JavaFX Application Thread] DEBUG PrimaryStageWindow   - Stage size: 800.0 x 478.0
20:59:30.689 [FXGL Background Thread 1 ] DEBUG Engine               - Initializing environment variables
20:59:30.704 [FXGL Background Thread 1 ] DEBUG FXGLAssetLoaderServi - User app class for loading assets: class com.example.schoolsimulator.SchoolSimulatorApplication
20:59:30.705 [FXGL Background Thread 1 ] DEBUG GameApplicationServi - Applying CSS: fxgl_dark.css
20:59:30.705 [FXGL Background Thread 1 ] DEBUG FXGLAssetLoaderServi - Loading from file system: jar:file:///Users/devrrior/.m2/repository/com/github/almasb/fxgl/17.2/fxgl-17.2.jar!/fxglassets/ui/css/fxgl_dark.css
20:59:30.747 [FXGL Background Thread 1 ] DEBUG GameApplicationServi - Initializing application scenes
20:59:30.821 [FXGL Background Thread 1 ] DEBUG GameWorld            - Game world initialized
20:59:30.849 [FXGL Background Thread 1 ] DEBUG PhysicsWorld         - Physics world initialized: appHeight=450, physics.ppm=50.0
20:59:30.849 [FXGL Background Thread 1 ] DEBUG PhysicsWorld         - Using strategy: BRUTE_FORCE
20:59:30.851 [FXGL Background Thread 1 ] DEBUG GameScene            - Game scene initialized: 800x450
20:59:30.856 [FXGL Background Thread 1 ] WARN  FXGL.DefaultMenu     - FXGLDefaultMenu is not designed for resolutions < 800x600
20:59:30.856 [FXGL Background Thread 1 ] DEBUG FXGL.DefaultMenu     - createMenuBodyGameMenu()
20:59:30.864 [FXGL Background Thread 1 ] DEBUG FXGL.DefaultMenu     - createOptionsMenu()
20:59:30.869 [FXGL Background Thread 1 ] DEBUG FXGLAssetLoaderServi - Loading from file system: jar:file:///Users/devrrior/.m2/repository/com/github/almasb/fxgl/17.2/fxgl-17.2.jar!/fxglassets/textures/particles/smoke.png
20:59:30.922 [FXGL Background Thread 1 ] DEBUG FXGLAssetLoaderServi - Loading from file system: jar:file:///Users/devrrior/.m2/repository/com/github/almasb/fxgl/17.2/fxgl-17.2.jar!/fxglassets/textures/particles/trace_horizontal.png
20:59:30.935 [FXGL Background Thread 1 ] DEBUG GameApplicationServi - Application scenes initialized
20:59:30.940 [FXGL Background Thread 1 ] DEBUG SystemBundleService  - Loading FXGL system data
20:59:30.943 [FXGL Background Thread 1 ] DEBUG FileSystemAccess     - Reading from: /Users/devrrior/Repos/schoolSimulator/system/fxgl.bundle
20:59:30.946 [FXGL Background Thread 1 ] DEBUG SystemBundleService  - Bundle FXGL: {}
20:59:30.946 [FXGL Background Thread 1 ] DEBUG UpdaterService       - Checking for updates
20:59:30.948 [FXGL Background Thread 4 ] DEBUG FXGLApplication      - Loading fonts
20:59:30.948 [FXGL Background Thread 4 ] DEBUG FXGLAssetLoaderServi - Loading from file system: jar:file:///Users/devrrior/.m2/repository/com/github/almasb/fxgl/17.2/fxgl-17.2.jar!/fxglassets/ui/fonts/VarelaRound-Regular.ttf
20:59:30.948 [FXGL Background Thread 1 ] DEBUG FXGLApplication      - Loading default localization
20:59:30.949 [FXGL Background Thread 1 ] DEBUG FXGLAssetLoaderServi - Loading from file system: jar:file:///Users/devrrior/.m2/repository/com/github/almasb/fxgl/17.2/fxgl-17.2.jar!/fxglassets/languages/english.lang
20:59:30.955 [FXGL Background Thread 4 ] DEBUG FXGLAssetLoaderServi - Loading from file system: jar:file:///Users/devrrior/.m2/repository/com/github/almasb/fxgl/17.2/fxgl-17.2.jar!/fxglassets/ui/fonts/Abel-Regular.ttf
20:59:30.957 [FXGL Background Thread 1 ] INFO  FXGLApplication      - FXGL initialization took: 0.268 sec
20:59:30.957 [FXGL Background Thread 4 ] DEBUG FXGLAssetLoaderServi - Loading from file system: jar:file:///Users/devrrior/.m2/repository/com/github/almasb/fxgl/17.2/fxgl-17.2.jar!/fxglassets/ui/fonts/TerminalLandMono-Regular.otf
20:59:30.957 [JavaFX Application Thread] DEBUG FXGLAssetLoaderServi - Loading from file system: jar:file:///Users/devrrior/.m2/repository/com/github/almasb/fxgl/17.2/fxgl-17.2.jar!/fxglassets/textures/fxgl_icon.png
20:59:30.959 [FXGL Background Thread 4 ] DEBUG FXGLAssetLoaderServi - Loading from file system: jar:file:///Users/devrrior/.m2/repository/com/github/almasb/fxgl/17.2/fxgl-17.2.jar!/fxglassets/ui/fonts/Courier-Prime.ttf
20:59:30.975 [JavaFX Application Thread] DEBUG FXGLAssetLoaderServi - Loading from file system: jar:file:///Users/devrrior/.m2/repository/com/github/almasb/fxgl/17.2/fxgl-17.2.jar!/fxglassets/textures/fxgl_default_cursor.png
20:59:30.980 [JavaFX Application Thread] DEBUG Input                - Registered new binding: Screenshot - CTRL+8
20:59:30.980 [JavaFX Application Thread] DEBUG Input                - Registered new binding: System info dump - CTRL+9
20:59:30.981 [JavaFX Application Thread] DEBUG Input                - Registered new binding: Restart - CTRL+R
20:59:30.981 [JavaFX Application Thread] DEBUG Input                - Registered new binding: Toggle Debug Camera - CTRL+7
20:59:30.982 [JavaFX Application Thread] DEBUG LoopRunner           - Starting loop
20:59:30.982 [JavaFX Application Thread] DEBUG LoopRunner           - Initializing JavaFX AnimationTimerLoop
20:59:30.982 [JavaFX Application Thread] DEBUG GameApplicationServi - Starting new game
20:59:30.982 [JavaFX Application Thread] DEBUG Input                - Clearing active input actions
20:59:30.986 [JavaFX Application Thread] DEBUG GameApplicationServi - Removing overlay from FXGLStartupScene and adding to FXGLLoadingScene
20:59:30.986 [JavaFX Application Thread] DEBUG PrimaryStageWindow   - FXGLStartupScene -> FXGLLoadingScene
20:59:30.987 [JavaFX Application Thread] DEBUG GameApplicationServi - Clearing previous game
20:59:30.987 [JavaFX Application Thread] DEBUG GameScene            - Clearing game scene
20:59:30.987 [JavaFX Application Thread] DEBUG GameWorld            - Clearing game world
20:59:30.987 [JavaFX Application Thread] DEBUG PhysicsWorld         - Clearing physics world
20:59:30.987 [FXGL Background Thread 4 ] DEBUG FXGLApplication      - Initializing game
20:59:31.010 [JavaFX Application Thread] DEBUG FXGLApplication      - Registering font factories with UI factory
20:59:31.014 [FXGL Background Thread 4 ] DEBUG FXGLAssetLoaderServi - Loading from file system: file:/Users/devrrior/Repos/schoolSimulator/target/classes/assets/textures/background.jpg
20:59:31.025 [FXGL Background Thread 4 ] INFO  FXGLApplication      - Game initialization took: 0.037 sec
20:59:31.029 [JavaFX Application Thread] DEBUG Input                - Clearing active input actions
20:59:31.031 [JavaFX Application Thread] DEBUG GameApplicationServi - Removing overlay from FXGLLoadingScene and adding to GameScene
20:59:31.032 [JavaFX Application Thread] DEBUG PrimaryStageWindow   - FXGLLoadingScene -> GameScene
20:59:31.453 [FXGL Background Thread 2 ] INFO  UpdaterService       - Your current version:  17.2
20:59:31.453 [FXGL Background Thread 2 ] INFO  UpdaterService       - Latest stable version: 17.3
20:59:33.953 [FXGL Background Thread 3 ] DEBUG Engine               - Logging environment variables
20:59:33.955 [FXGL Background Thread 3 ] DEBUG Engine               - achievements: []
20:59:33.955 [FXGL Background Thread 3 ] DEBUG Engine               - actualHeight: 450.0
20:59:33.955 [FXGL Background Thread 3 ] DEBUG Engine               - actualHeightProperty: ReadOnlyDoubleProperty [value: 450.0]
20:59:33.955 [FXGL Background Thread 3 ] DEBUG Engine               - actualWidth: 800.0
20:59:33.955 [FXGL Background Thread 3 ] DEBUG Engine               - actualWidthProperty: ReadOnlyDoubleProperty [value: 800.0]
20:59:33.955 [FXGL Background Thread 3 ] DEBUG Engine               - appIcon: fxgl_icon.png
20:59:33.955 [FXGL Background Thread 3 ] DEBUG Engine               - applicationMode: DEVELOPER
20:59:33.956 [FXGL Background Thread 3 ] DEBUG Engine               - cSSList: [fxgl_dark.css]
20:59:33.956 [FXGL Background Thread 3 ] DEBUG Engine               - collisionDetectionStrategy: BRUTE_FORCE
20:59:33.956 [FXGL Background Thread 3 ] DEBUG Engine               - configClass: Optional.empty
20:59:33.956 [FXGL Background Thread 3 ] DEBUG Engine               - credits: []
20:59:33.957 [FXGL Background Thread 3 ] DEBUG Engine               - defaultCursor: CursorInfo(imageName=fxgl_default_cursor.png, hotspotX=7.0, hotspotY=6.0)
20:59:33.957 [FXGL Background Thread 3 ] DEBUG Engine               - devBBoxColorProperty: ObjectProperty [value: 0xff0000ff]
20:59:33.958 [FXGL Background Thread 3 ] DEBUG Engine               - devEnableDebugCameraProperty: BooleanProperty [value: false]
20:59:33.958 [FXGL Background Thread 3 ] DEBUG Engine               - devSensorColorProperty: ObjectProperty [value: 0xffff00ff]
20:59:33.958 [FXGL Background Thread 3 ] DEBUG Engine               - devShowBBoxProperty: BooleanProperty [value: false]
20:59:33.958 [FXGL Background Thread 3 ] DEBUG Engine               - devShowPositionProperty: BooleanProperty [value: false]
20:59:33.958 [FXGL Background Thread 3 ] DEBUG Engine               - enabledMenuItems: []
20:59:33.958 [FXGL Background Thread 3 ] DEBUG Engine               - engineServices: [class com.almasb.fxgl.app.services.FXGLAssetLoaderService, class com.almasb.fxgl.app.FXGLApplication$GameApplicationService, class com.almasb.fxgl.app.services.FXGLDialogService, class com.almasb.fxgl.app.services.IOTaskExecutorService, class com.almasb.fxgl.io.FileSystemService, class com.almasb.fxgl.localization.LocalizationService, class com.almasb.fxgl.app.services.SystemBundleService, class com.almasb.fxgl.profile.SaveLoadService, class com.almasb.fxgl.ui.FXGLUIFactoryServiceProvider, class com.almasb.fxgl.ui.FXGLDialogFactoryServiceProvider, class com.almasb.fxgl.audio.AudioPlayer, class com.almasb.fxgl.notification.impl.NotificationServiceProvider, class com.almasb.fxgl.achievement.AchievementService, class com.almasb.fxgl.cutscene.CutsceneService, class com.almasb.fxgl.minigames.MiniGameService, class com.almasb.fxgl.net.NetService, class com.almasb.fxgl.app.services.UpdaterService, class com.almasb.fxgl.dev.DevService]
20:59:33.958 [FXGL Background Thread 3 ] DEBUG Engine               - fontGame: Abel-Regular.ttf
20:59:33.958 [FXGL Background Thread 3 ] DEBUG Engine               - fontMono: TerminalLandMono-Regular.otf
20:59:33.959 [FXGL Background Thread 3 ] DEBUG Engine               - fontText: Courier-Prime.ttf
20:59:33.959 [FXGL Background Thread 3 ] DEBUG Engine               - fontUI: VarelaRound-Regular.ttf
20:59:33.959 [FXGL Background Thread 3 ] DEBUG Engine               - fullScreen: BooleanProperty [value: false]
20:59:33.959 [FXGL Background Thread 3 ] DEBUG Engine               - gameDifficulty: MEDIUM
20:59:33.959 [FXGL Background Thread 3 ] DEBUG Engine               - gameDifficultyProperty: ObjectProperty [value: MEDIUM]
20:59:33.959 [FXGL Background Thread 3 ] DEBUG Engine               - globalMusicVolume: 0.5
20:59:33.959 [FXGL Background Thread 3 ] DEBUG Engine               - globalMusicVolumeProperty: DoubleProperty [value: 0.5]
20:59:33.959 [FXGL Background Thread 3 ] DEBUG Engine               - globalSoundVolume: 0.5
20:59:33.959 [FXGL Background Thread 3 ] DEBUG Engine               - globalSoundVolumeProperty: DoubleProperty [value: 0.5]
20:59:33.959 [FXGL Background Thread 3 ] DEBUG Engine               - height: 450
20:59:33.959 [FXGL Background Thread 3 ] DEBUG Engine               - is3D: false
20:59:33.960 [FXGL Background Thread 3 ] DEBUG Engine               - isAndroid: false
20:59:33.960 [FXGL Background Thread 3 ] DEBUG Engine               - isBrowser: false
20:59:33.960 [FXGL Background Thread 3 ] DEBUG Engine               - isClickFeedbackEnabled: false
20:59:33.960 [FXGL Background Thread 3 ] DEBUG Engine               - isCloseConfirmation: false
20:59:33.960 [FXGL Background Thread 3 ] DEBUG Engine               - isDesktop: true
20:59:33.960 [FXGL Background Thread 3 ] DEBUG Engine               - isDeveloperMenuEnabled: false
20:59:33.960 [FXGL Background Thread 3 ] DEBUG Engine               - isEmbedded: false
20:59:33.960 [FXGL Background Thread 3 ] DEBUG Engine               - isEntityPreloadEnabled: true
20:59:33.960 [FXGL Background Thread 3 ] DEBUG Engine               - isExperimentalTiledLargeMap: false
20:59:33.960 [FXGL Background Thread 3 ] DEBUG Engine               - isFileSystemWriteAllowed: true
20:59:33.960 [FXGL Background Thread 3 ] DEBUG Engine               - isFullScreenAllowed: false
20:59:33.960 [FXGL Background Thread 3 ] DEBUG Engine               - isFullScreenFromStart: false
20:59:33.960 [FXGL Background Thread 3 ] DEBUG Engine               - isGameMenuEnabled: true
20:59:33.960 [FXGL Background Thread 3 ] DEBUG Engine               - isIOS: false
20:59:33.961 [FXGL Background Thread 3 ] DEBUG Engine               - isIntroEnabled: false
20:59:33.961 [FXGL Background Thread 3 ] DEBUG Engine               - isLinux: false
20:59:33.961 [FXGL Background Thread 3 ] DEBUG Engine               - isMac: true
20:59:33.961 [FXGL Background Thread 3 ] DEBUG Engine               - isMainMenuEnabled: false
20:59:33.961 [FXGL Background Thread 3 ] DEBUG Engine               - isManualResizeEnabled: false
20:59:33.961 [FXGL Background Thread 3 ] DEBUG Engine               - isMobile: false
20:59:33.961 [FXGL Background Thread 3 ] DEBUG Engine               - isNative: false
20:59:33.961 [FXGL Background Thread 3 ] DEBUG Engine               - isPauseMusicWhenMinimized: true
20:59:33.961 [FXGL Background Thread 3 ] DEBUG Engine               - isPreserveResizeRatio: false
20:59:33.961 [FXGL Background Thread 3 ] DEBUG Engine               - isProfilingEnabled: false
20:59:33.961 [FXGL Background Thread 3 ] DEBUG Engine               - isScaleAffectedOnResize: true
20:59:33.961 [FXGL Background Thread 3 ] DEBUG Engine               - isSingleStep: false
20:59:33.962 [FXGL Background Thread 3 ] DEBUG Engine               - isUserProfileEnabled: false
20:59:33.962 [FXGL Background Thread 3 ] DEBUG Engine               - isWindows: false
20:59:33.962 [FXGL Background Thread 3 ] DEBUG Engine               - language: ObjectProperty [value: ENGLISH]
20:59:33.962 [FXGL Background Thread 3 ] DEBUG Engine               - menuKey: ESCAPE
20:59:33.962 [FXGL Background Thread 3 ] DEBUG Engine               - mouseSensitivity: 0.2
20:59:33.962 [FXGL Background Thread 3 ] DEBUG Engine               - notificationViewClass: class com.almasb.fxgl.notification.view.XboxNotificationView
20:59:33.962 [FXGL Background Thread 3 ] DEBUG Engine               - pixelsPerMeter: 50.0
20:59:33.962 [FXGL Background Thread 3 ] DEBUG Engine               - platform: MAC
20:59:33.962 [FXGL Background Thread 3 ] DEBUG Engine               - prefHeightProperty: ReadOnlyDoubleProperty [value: 450.0]
20:59:33.962 [FXGL Background Thread 3 ] DEBUG Engine               - prefWidthProperty: ReadOnlyDoubleProperty [value: 800.0]
20:59:33.962 [FXGL Background Thread 3 ] DEBUG Engine               - profileDir: profiles/
20:59:33.962 [FXGL Background Thread 3 ] DEBUG Engine               - profileName: StringProperty [value: DEFAULT]
20:59:33.962 [FXGL Background Thread 3 ] DEBUG Engine               - randomSeed: -1
20:59:33.963 [FXGL Background Thread 3 ] DEBUG Engine               - runtimeInfo: RuntimeInfo(platform=MAC, version=17.2, build=20.08.2022 16.50)
20:59:33.963 [FXGL Background Thread 3 ] DEBUG Engine               - saveFileExt: sav
20:59:33.963 [FXGL Background Thread 3 ] DEBUG Engine               - scaledHeightProp$fxgl: DoubleProperty [bound, value: 450.0]
20:59:33.963 [FXGL Background Thread 3 ] DEBUG Engine               - scaledWidthProp$fxgl: DoubleProperty [bound, value: 800.0]
20:59:33.963 [FXGL Background Thread 3 ] DEBUG Engine               - sceneFactory: com.almasb.fxgl.app.scene.SceneFactory@20200ab8
20:59:33.963 [FXGL Background Thread 3 ] DEBUG Engine               - secondsIn24h: 60
20:59:33.963 [FXGL Background Thread 3 ] DEBUG Engine               - soundMenuBack: menu/back.wav
20:59:33.963 [FXGL Background Thread 3 ] DEBUG Engine               - soundMenuPress: menu/press.wav
20:59:33.963 [FXGL Background Thread 3 ] DEBUG Engine               - soundMenuSelect: menu/select.wav
20:59:33.964 [FXGL Background Thread 3 ] DEBUG Engine               - soundNotification: core/notification.wav
20:59:33.964 [FXGL Background Thread 3 ] DEBUG Engine               - stageStyle: DECORATED
20:59:33.964 [FXGL Background Thread 3 ] DEBUG Engine               - supportedLanguages: [ENGLISH, FRENCH, GERMAN, HUNGARIAN, RUSSIAN]
20:59:33.964 [FXGL Background Thread 3 ] DEBUG Engine               - ticksPerSecond: -1
20:59:33.964 [FXGL Background Thread 3 ] DEBUG Engine               - title: School Simulator
20:59:33.964 [FXGL Background Thread 3 ] DEBUG Engine               - urlGithub: https://github.com/AlmasB/FXGL
20:59:33.964 [FXGL Background Thread 3 ] DEBUG Engine               - urlLeaderboard: http://fxgl-top.herokuapp.com/
20:59:33.964 [FXGL Background Thread 3 ] DEBUG Engine               - urlPOM: https://raw.githubusercontent.com/AlmasB/FXGL/release/README.md
20:59:33.964 [FXGL Background Thread 3 ] DEBUG Engine               - userAppClass: class com.example.schoolsimulator.SchoolSimulatorApplication
20:59:33.964 [FXGL Background Thread 3 ] DEBUG Engine               - version: 0.1
20:59:33.964 [FXGL Background Thread 3 ] DEBUG Engine               - versionCheckDays: 7
20:59:33.964 [FXGL Background Thread 3 ] DEBUG Engine               - width: 800
20:59:33.964 [FXGL Background Thread 3 ] DEBUG Engine               - Logging services
20:59:33.964 [FXGL Background Thread 3 ] DEBUG Engine               - class com.almasb.fxgl.app.services.FXGLAssetLoaderService
20:59:33.964 [FXGL Background Thread 3 ] DEBUG Engine               - class com.almasb.fxgl.app.FXGLApplication$GameApplicationService
20:59:33.964 [FXGL Background Thread 3 ] DEBUG Engine               - class com.almasb.fxgl.app.services.FXGLDialogService
20:59:33.964 [FXGL Background Thread 3 ] DEBUG Engine               - class com.almasb.fxgl.app.services.IOTaskExecutorService
20:59:33.965 [FXGL Background Thread 3 ] DEBUG Engine               - class com.almasb.fxgl.io.FileSystemService
20:59:33.965 [FXGL Background Thread 3 ] DEBUG Engine               - class com.almasb.fxgl.localization.LocalizationService
20:59:33.965 [FXGL Background Thread 3 ] DEBUG Engine               - class com.almasb.fxgl.app.services.SystemBundleService
20:59:33.965 [FXGL Background Thread 3 ] DEBUG Engine               - class com.almasb.fxgl.profile.SaveLoadService
20:59:33.965 [FXGL Background Thread 3 ] DEBUG Engine               - class com.almasb.fxgl.ui.FXGLUIFactoryServiceProvider
20:59:33.965 [FXGL Background Thread 3 ] DEBUG Engine               - class com.almasb.fxgl.ui.FXGLDialogFactoryServiceProvider
20:59:33.965 [FXGL Background Thread 3 ] DEBUG Engine               - class com.almasb.fxgl.audio.AudioPlayer
20:59:33.965 [FXGL Background Thread 3 ] DEBUG Engine               - class com.almasb.fxgl.notification.impl.NotificationServiceProvider
20:59:33.965 [FXGL Background Thread 3 ] DEBUG Engine               - class com.almasb.fxgl.achievement.AchievementService
20:59:33.965 [FXGL Background Thread 3 ] DEBUG Engine               - class com.almasb.fxgl.cutscene.CutsceneService
20:59:33.965 [FXGL Background Thread 3 ] DEBUG Engine               - class com.almasb.fxgl.minigames.MiniGameService
20:59:33.965 [FXGL Background Thread 3 ] DEBUG Engine               - class com.almasb.fxgl.net.NetService
20:59:33.965 [FXGL Background Thread 3 ] DEBUG Engine               - class com.almasb.fxgl.app.services.UpdaterService
20:59:33.965 [FXGL Background Thread 3 ] DEBUG Engine               - class com.almasb.fxgl.dev.DevService
20:59:36.032 [JavaFX Application Thread] DEBUG FXGLAssetLoaderServi - Loading from file system: file:/Users/devrrior/Repos/schoolSimulator/target/classes/assets/textures/student.png
20:59:41.404 [JavaFX Application Thread] DEBUG FXGLApplication      - Exiting FXGL
20:59:41.404 [JavaFX Application Thread] DEBUG LoopRunner           - Stopping loop
20:59:41.404 [JavaFX Application Thread] DEBUG SystemBundleService  - Saving FXGL system data
20:59:41.407 [JavaFX Application Thread] DEBUG FileSystemAccess     - Writing to: /Users/devrrior/Repos/schoolSimulator/system/fxgl.bundle
20:59:41.410 [JavaFX Application Thread] DEBUG Async                - Shutting down background threads
20:59:41.410 [JavaFX Application Thread] DEBUG PrimaryStageWindow   - Closing main window
20:59:41.423 [JavaFX Application Thread] DEBUG Logger               - Closing Logger
