20:27:47.800 [main                     ] DEBUG Logger               - Configured Logger
20:27:47.817 [main                     ] DEBUG GameApplication      - Logging settings
Title: School Simulator
Version: 0.1
Width: 800
Height: 450
Fullscreen: false
Intro: false
Profiling: false
Single step:false
App Mode: DEVELOPER
Menu Key: ESCAPE
Stage Style: DECORATED
Scene Factory: class com.almasb.fxgl.app.scene.SceneFactory

20:27:53.118 [JavaFX Application Thread] DEBUG FXGLApplication      - Initializing FXGL
20:27:53.121 [JavaFX Application Thread] INFO  Engine               - FXGL-17.2 (20.08.2022 16.50) on MAC (J:17.0.9 FX:17.0.6)
20:27:53.121 [JavaFX Application Thread] DEBUG Engine               - JRE Vendor Name: Eclipse Adoptium
20:27:53.121 [JavaFX Application Thread] DEBUG Engine               - Running on OS: Mac OS X version 14.0
20:27:53.122 [JavaFX Application Thread] DEBUG Engine               - Architecture: aarch64
20:27:53.122 [JavaFX Application Thread] INFO  Engine               - Source code and latest versions at: https://github.com/AlmasB/FXGL
20:27:53.122 [JavaFX Application Thread] INFO  Engine               -       Ask questions and discuss at: https://github.com/AlmasB/FXGL/discussions
20:27:53.122 [JavaFX Application Thread] INFO  Engine               -              Join the FXGL chat at: https://gitter.im/AlmasB/FXGL
20:27:53.164 [JavaFX Application Thread] DEBUG PrimaryStageWindow   - Creating a JavaFX scene
20:27:53.179 [JavaFX Application Thread] DEBUG PrimaryStageWindow   - Target settings size: 800.0 x 450.0
20:27:53.180 [JavaFX Application Thread] DEBUG PrimaryStageWindow   - Scaled scene size:    800.0 x 450.0
20:27:53.180 [JavaFX Application Thread] DEBUG PrimaryStageWindow   - Scaled ratio: (1.0, 1.0)
20:27:53.180 [JavaFX Application Thread] DEBUG PrimaryStageWindow   - Set initial scene to FXGLStartupScene
20:27:53.183 [JavaFX Application Thread] DEBUG PrimaryStageWindow   - Opening main window
20:27:53.233 [JavaFX Application Thread] DEBUG PrimaryStageWindow   - Window border size: (0.0, 28.0)
20:27:53.233 [JavaFX Application Thread] DEBUG PrimaryStageWindow   - Scaled size: 800.0 x 450.0
20:27:53.233 [JavaFX Application Thread] DEBUG PrimaryStageWindow   - Scaled ratio: (1.0, 1.0)
20:27:53.233 [JavaFX Application Thread] DEBUG PrimaryStageWindow   - Scene size: 800.0 x 450.0
20:27:53.234 [JavaFX Application Thread] DEBUG PrimaryStageWindow   - Stage size: 800.0 x 478.0
20:27:53.236 [FXGL Background Thread 1 ] DEBUG Engine               - Initializing environment variables
20:27:53.252 [FXGL Background Thread 1 ] DEBUG FXGLAssetLoaderServi - User app class for loading assets: class com.example.schoolsimulator.SchoolSimulatorApplication
20:27:53.252 [FXGL Background Thread 1 ] DEBUG GameApplicationServi - Applying CSS: fxgl_dark.css
20:27:53.252 [FXGL Background Thread 1 ] DEBUG FXGLAssetLoaderServi - Loading from file system: jar:file:///Users/devrrior/.m2/repository/com/github/almasb/fxgl/17.2/fxgl-17.2.jar!/fxglassets/ui/css/fxgl_dark.css
20:27:53.282 [FXGL Background Thread 1 ] DEBUG GameApplicationServi - Initializing application scenes
20:27:53.356 [FXGL Background Thread 1 ] DEBUG GameWorld            - Game world initialized
20:27:53.377 [FXGL Background Thread 1 ] DEBUG PhysicsWorld         - Physics world initialized: appHeight=450, physics.ppm=50.0
20:27:53.377 [FXGL Background Thread 1 ] DEBUG PhysicsWorld         - Using strategy: BRUTE_FORCE
20:27:53.378 [FXGL Background Thread 1 ] DEBUG GameScene            - Game scene initialized: 800x450
20:27:53.383 [FXGL Background Thread 1 ] WARN  FXGL.DefaultMenu     - FXGLDefaultMenu is not designed for resolutions < 800x600
20:27:53.383 [FXGL Background Thread 1 ] DEBUG FXGL.DefaultMenu     - createMenuBodyGameMenu()
20:27:53.390 [FXGL Background Thread 1 ] DEBUG FXGL.DefaultMenu     - createOptionsMenu()
20:27:53.394 [FXGL Background Thread 1 ] DEBUG FXGLAssetLoaderServi - Loading from file system: jar:file:///Users/devrrior/.m2/repository/com/github/almasb/fxgl/17.2/fxgl-17.2.jar!/fxglassets/textures/particles/smoke.png
20:27:53.442 [FXGL Background Thread 1 ] DEBUG FXGLAssetLoaderServi - Loading from file system: jar:file:///Users/devrrior/.m2/repository/com/github/almasb/fxgl/17.2/fxgl-17.2.jar!/fxglassets/textures/particles/trace_horizontal.png
20:27:53.455 [FXGL Background Thread 1 ] DEBUG GameApplicationServi - Application scenes initialized
20:27:53.459 [FXGL Background Thread 1 ] DEBUG SystemBundleService  - Loading FXGL system data
20:27:53.462 [FXGL Background Thread 1 ] DEBUG FileSystemAccess     - Reading from: /Users/devrrior/Repos/schoolSimulator/system/fxgl.bundle
20:27:53.466 [FXGL Background Thread 1 ] DEBUG SystemBundleService  - Bundle FXGL: {}
20:27:53.466 [FXGL Background Thread 1 ] DEBUG UpdaterService       - Checking for updates
20:27:53.467 [FXGL Background Thread 4 ] DEBUG FXGLApplication      - Loading fonts
20:27:53.467 [FXGL Background Thread 1 ] DEBUG FXGLApplication      - Loading default localization
20:27:53.467 [FXGL Background Thread 4 ] DEBUG FXGLAssetLoaderServi - Loading from file system: jar:file:///Users/devrrior/.m2/repository/com/github/almasb/fxgl/17.2/fxgl-17.2.jar!/fxglassets/ui/fonts/VarelaRound-Regular.ttf
20:27:53.467 [FXGL Background Thread 1 ] DEBUG FXGLAssetLoaderServi - Loading from file system: jar:file:///Users/devrrior/.m2/repository/com/github/almasb/fxgl/17.2/fxgl-17.2.jar!/fxglassets/languages/english.lang
20:27:53.473 [FXGL Background Thread 4 ] DEBUG FXGLAssetLoaderServi - Loading from file system: jar:file:///Users/devrrior/.m2/repository/com/github/almasb/fxgl/17.2/fxgl-17.2.jar!/fxglassets/ui/fonts/Abel-Regular.ttf
20:27:53.475 [FXGL Background Thread 4 ] DEBUG FXGLAssetLoaderServi - Loading from file system: jar:file:///Users/devrrior/.m2/repository/com/github/almasb/fxgl/17.2/fxgl-17.2.jar!/fxglassets/ui/fonts/TerminalLandMono-Regular.otf
20:27:53.476 [FXGL Background Thread 1 ] INFO  FXGLApplication      - FXGL initialization took: 0.240 sec
20:27:53.477 [FXGL Background Thread 4 ] DEBUG FXGLAssetLoaderServi - Loading from file system: jar:file:///Users/devrrior/.m2/repository/com/github/almasb/fxgl/17.2/fxgl-17.2.jar!/fxglassets/ui/fonts/Courier-Prime.ttf
20:27:53.477 [JavaFX Application Thread] DEBUG FXGLAssetLoaderServi - Loading from file system: jar:file:///Users/devrrior/.m2/repository/com/github/almasb/fxgl/17.2/fxgl-17.2.jar!/fxglassets/textures/fxgl_icon.png
20:27:53.493 [JavaFX Application Thread] DEBUG FXGLAssetLoaderServi - Loading from file system: jar:file:///Users/devrrior/.m2/repository/com/github/almasb/fxgl/17.2/fxgl-17.2.jar!/fxglassets/textures/fxgl_default_cursor.png
20:27:53.498 [JavaFX Application Thread] DEBUG Input                - Registered new binding: Screenshot - CTRL+8
20:27:53.498 [JavaFX Application Thread] DEBUG Input                - Registered new binding: System info dump - CTRL+9
20:27:53.498 [JavaFX Application Thread] DEBUG Input                - Registered new binding: Restart - CTRL+R
20:27:53.498 [JavaFX Application Thread] DEBUG Input                - Registered new binding: Toggle Debug Camera - CTRL+7
20:27:53.499 [JavaFX Application Thread] DEBUG LoopRunner           - Starting loop
20:27:53.499 [JavaFX Application Thread] DEBUG LoopRunner           - Initializing JavaFX AnimationTimerLoop
20:27:53.499 [JavaFX Application Thread] DEBUG GameApplicationServi - Starting new game
20:27:53.500 [JavaFX Application Thread] DEBUG Input                - Clearing active input actions
20:27:53.503 [JavaFX Application Thread] DEBUG GameApplicationServi - Removing overlay from FXGLStartupScene and adding to FXGLLoadingScene
20:27:53.503 [JavaFX Application Thread] DEBUG PrimaryStageWindow   - FXGLStartupScene -> FXGLLoadingScene
20:27:53.503 [JavaFX Application Thread] DEBUG GameApplicationServi - Clearing previous game
20:27:53.503 [JavaFX Application Thread] DEBUG GameScene            - Clearing game scene
20:27:53.503 [JavaFX Application Thread] DEBUG GameWorld            - Clearing game world
20:27:53.503 [JavaFX Application Thread] DEBUG PhysicsWorld         - Clearing physics world
20:27:53.504 [FXGL Background Thread 4 ] DEBUG FXGLApplication      - Initializing game
20:27:53.523 [FXGL Background Thread 4 ] WARN  FXGLAssetLoaderServi - Asset "/assets/textures/bg.png" was not found!
20:27:53.523 [FXGL Background Thread 4 ] WARN  FXGLAssetLoaderServi - Failed to load IMAGE
20:27:53.525 [JavaFX Application Thread] DEBUG FXGLApplication      - Registering font factories with UI factory
20:27:53.571 [FXGL Background Thread 4 ] INFO  FXGLApplication      - Game initialization took: 0.067 sec
20:27:53.572 [JavaFX Application Thread] DEBUG Input                - Clearing active input actions
20:27:53.574 [JavaFX Application Thread] DEBUG GameApplicationServi - Removing overlay from FXGLLoadingScene and adding to GameScene
20:27:53.574 [JavaFX Application Thread] DEBUG PrimaryStageWindow   - FXGLLoadingScene -> GameScene
20:27:53.792 [FXGL Background Thread 2 ] INFO  UpdaterService       - Your current version:  17.2
20:27:53.792 [FXGL Background Thread 2 ] INFO  UpdaterService       - Latest stable version: 17.3
20:27:56.152 [JavaFX Application Thread] DEBUG FXGLApplication      - Exiting FXGL
20:27:56.152 [JavaFX Application Thread] DEBUG LoopRunner           - Stopping loop
20:27:56.152 [JavaFX Application Thread] DEBUG SystemBundleService  - Saving FXGL system data
20:27:56.156 [JavaFX Application Thread] DEBUG FileSystemAccess     - Writing to: /Users/devrrior/Repos/schoolSimulator/system/fxgl.bundle
20:27:56.159 [JavaFX Application Thread] DEBUG Async                - Shutting down background threads
20:27:56.160 [JavaFX Application Thread] DEBUG PrimaryStageWindow   - Closing main window
20:27:56.191 [JavaFX Application Thread] DEBUG Logger               - Closing Logger
