23:20:21.824 [main                     ] DEBUG Logger               - Configured Logger
23:20:21.875 [main                     ] DEBUG GameApplication      - Logging settings
Title: School Simulator
Version: 0.1
Width: 800
Height: 450
Fullscreen: false
Intro: false
Profiling: false
Single step:false
App Mode: DEVELOPER
Menu Key: ESCAPE
Stage Style: DECORATED
Scene Factory: class com.almasb.fxgl.app.scene.SceneFactory

23:20:27.281 [JavaFX Application Thread] DEBUG FXGLApplication      - Initializing FXGL
23:20:27.284 [JavaFX Application Thread] INFO  Engine               - FXGL-17.2 (20.08.2022 16.50) on MAC (J:17.0.9 FX:17.0.6)
23:20:27.284 [JavaFX Application Thread] DEBUG Engine               - JRE Vendor Name: Eclipse Adoptium
23:20:27.284 [JavaFX Application Thread] DEBUG Engine               - Running on OS: Mac OS X version 14.0
23:20:27.284 [JavaFX Application Thread] DEBUG Engine               - Architecture: aarch64
23:20:27.284 [JavaFX Application Thread] INFO  Engine               - Source code and latest versions at: https://github.com/AlmasB/FXGL
23:20:27.284 [JavaFX Application Thread] INFO  Engine               -       Ask questions and discuss at: https://github.com/AlmasB/FXGL/discussions
23:20:27.285 [JavaFX Application Thread] INFO  Engine               -              Join the FXGL chat at: https://gitter.im/AlmasB/FXGL
23:20:27.330 [JavaFX Application Thread] DEBUG PrimaryStageWindow   - Creating a JavaFX scene
23:20:27.348 [JavaFX Application Thread] DEBUG PrimaryStageWindow   - Target settings size: 800.0 x 450.0
23:20:27.348 [JavaFX Application Thread] DEBUG PrimaryStageWindow   - Scaled scene size:    800.0 x 450.0
23:20:27.348 [JavaFX Application Thread] DEBUG PrimaryStageWindow   - Scaled ratio: (1.0, 1.0)
23:20:27.348 [JavaFX Application Thread] DEBUG PrimaryStageWindow   - Set initial scene to FXGLStartupScene
23:20:27.351 [JavaFX Application Thread] DEBUG PrimaryStageWindow   - Opening main window
23:20:27.423 [JavaFX Application Thread] DEBUG PrimaryStageWindow   - Window border size: (0.0, 28.0)
23:20:27.423 [JavaFX Application Thread] DEBUG PrimaryStageWindow   - Scaled size: 800.0 x 450.0
23:20:27.423 [JavaFX Application Thread] DEBUG PrimaryStageWindow   - Scaled ratio: (1.0, 1.0)
23:20:27.423 [JavaFX Application Thread] DEBUG PrimaryStageWindow   - Scene size: 800.0 x 450.0
23:20:27.423 [JavaFX Application Thread] DEBUG PrimaryStageWindow   - Stage size: 800.0 x 478.0
23:20:27.427 [FXGL Background Thread 1 ] DEBUG Engine               - Initializing environment variables
23:20:27.445 [FXGL Background Thread 1 ] DEBUG FXGLAssetLoaderServi - User app class for loading assets: class com.example.schoolsimulator.SchoolSimulatorApplication
23:20:27.446 [FXGL Background Thread 1 ] DEBUG GameApplicationServi - Applying CSS: fxgl_dark.css
23:20:27.446 [FXGL Background Thread 1 ] DEBUG FXGLAssetLoaderServi - Loading from file system: jar:file:///Users/devrrior/.m2/repository/com/github/almasb/fxgl/17.2/fxgl-17.2.jar!/fxglassets/ui/css/fxgl_dark.css
23:20:27.475 [FXGL Background Thread 1 ] DEBUG GameApplicationServi - Initializing application scenes
23:20:27.544 [FXGL Background Thread 1 ] DEBUG GameWorld            - Game world initialized
23:20:27.566 [FXGL Background Thread 1 ] DEBUG PhysicsWorld         - Physics world initialized: appHeight=450, physics.ppm=50.0
23:20:27.566 [FXGL Background Thread 1 ] DEBUG PhysicsWorld         - Using strategy: BRUTE_FORCE
23:20:27.567 [FXGL Background Thread 1 ] DEBUG GameScene            - Game scene initialized: 800x450
23:20:27.572 [FXGL Background Thread 1 ] WARN  FXGL.DefaultMenu     - FXGLDefaultMenu is not designed for resolutions < 800x600
23:20:27.573 [FXGL Background Thread 1 ] DEBUG FXGL.DefaultMenu     - createMenuBodyGameMenu()
23:20:27.579 [FXGL Background Thread 1 ] DEBUG FXGL.DefaultMenu     - createOptionsMenu()
23:20:27.583 [FXGL Background Thread 1 ] DEBUG FXGLAssetLoaderServi - Loading from file system: jar:file:///Users/devrrior/.m2/repository/com/github/almasb/fxgl/17.2/fxgl-17.2.jar!/fxglassets/textures/particles/smoke.png
23:20:27.631 [FXGL Background Thread 1 ] DEBUG FXGLAssetLoaderServi - Loading from file system: jar:file:///Users/devrrior/.m2/repository/com/github/almasb/fxgl/17.2/fxgl-17.2.jar!/fxglassets/textures/particles/trace_horizontal.png
23:20:27.644 [FXGL Background Thread 1 ] DEBUG GameApplicationServi - Application scenes initialized
23:20:27.649 [FXGL Background Thread 1 ] DEBUG SystemBundleService  - Loading FXGL system data
23:20:27.651 [FXGL Background Thread 1 ] DEBUG FileSystemAccess     - Reading from: /Users/devrrior/Repos/schoolSimulator/system/fxgl.bundle
23:20:27.655 [FXGL Background Thread 1 ] DEBUG SystemBundleService  - Bundle FXGL: {}
23:20:27.655 [FXGL Background Thread 1 ] DEBUG UpdaterService       - Checking for updates
23:20:27.656 [FXGL Background Thread 4 ] DEBUG FXGLApplication      - Loading fonts
23:20:27.656 [FXGL Background Thread 1 ] DEBUG FXGLApplication      - Loading default localization
23:20:27.656 [FXGL Background Thread 4 ] DEBUG FXGLAssetLoaderServi - Loading from file system: jar:file:///Users/devrrior/.m2/repository/com/github/almasb/fxgl/17.2/fxgl-17.2.jar!/fxglassets/ui/fonts/VarelaRound-Regular.ttf
23:20:27.657 [FXGL Background Thread 1 ] DEBUG FXGLAssetLoaderServi - Loading from file system: jar:file:///Users/devrrior/.m2/repository/com/github/almasb/fxgl/17.2/fxgl-17.2.jar!/fxglassets/languages/english.lang
23:20:27.666 [FXGL Background Thread 4 ] DEBUG FXGLAssetLoaderServi - Loading from file system: jar:file:///Users/devrrior/.m2/repository/com/github/almasb/fxgl/17.2/fxgl-17.2.jar!/fxglassets/ui/fonts/Abel-Regular.ttf
23:20:27.668 [FXGL Background Thread 1 ] INFO  FXGLApplication      - FXGL initialization took: 0.240 sec
23:20:27.669 [JavaFX Application Thread] DEBUG FXGLAssetLoaderServi - Loading from file system: jar:file:///Users/devrrior/.m2/repository/com/github/almasb/fxgl/17.2/fxgl-17.2.jar!/fxglassets/textures/fxgl_icon.png
23:20:27.670 [FXGL Background Thread 4 ] DEBUG FXGLAssetLoaderServi - Loading from file system: jar:file:///Users/devrrior/.m2/repository/com/github/almasb/fxgl/17.2/fxgl-17.2.jar!/fxglassets/ui/fonts/TerminalLandMono-Regular.otf
23:20:27.672 [FXGL Background Thread 4 ] DEBUG FXGLAssetLoaderServi - Loading from file system: jar:file:///Users/devrrior/.m2/repository/com/github/almasb/fxgl/17.2/fxgl-17.2.jar!/fxglassets/ui/fonts/Courier-Prime.ttf
23:20:27.687 [JavaFX Application Thread] DEBUG FXGLAssetLoaderServi - Loading from file system: jar:file:///Users/devrrior/.m2/repository/com/github/almasb/fxgl/17.2/fxgl-17.2.jar!/fxglassets/textures/fxgl_default_cursor.png
23:20:27.692 [JavaFX Application Thread] DEBUG Input                - Registered new binding: Screenshot - CTRL+8
23:20:27.692 [JavaFX Application Thread] DEBUG Input                - Registered new binding: System info dump - CTRL+9
23:20:27.693 [JavaFX Application Thread] DEBUG Input                - Registered new binding: Restart - CTRL+R
23:20:27.693 [JavaFX Application Thread] DEBUG Input                - Registered new binding: Toggle Debug Camera - CTRL+7
23:20:27.693 [JavaFX Application Thread] DEBUG LoopRunner           - Starting loop
23:20:27.693 [JavaFX Application Thread] DEBUG LoopRunner           - Initializing JavaFX AnimationTimerLoop
23:20:27.694 [JavaFX Application Thread] DEBUG GameApplicationServi - Starting new game
23:20:27.694 [JavaFX Application Thread] DEBUG Input                - Clearing active input actions
23:20:27.698 [JavaFX Application Thread] DEBUG GameApplicationServi - Removing overlay from FXGLStartupScene and adding to FXGLLoadingScene
23:20:27.698 [JavaFX Application Thread] DEBUG PrimaryStageWindow   - FXGLStartupScene -> FXGLLoadingScene
23:20:27.698 [JavaFX Application Thread] DEBUG GameApplicationServi - Clearing previous game
23:20:27.698 [JavaFX Application Thread] DEBUG GameScene            - Clearing game scene
23:20:27.698 [JavaFX Application Thread] DEBUG GameWorld            - Clearing game world
23:20:27.699 [JavaFX Application Thread] DEBUG PhysicsWorld         - Clearing physics world
23:20:27.699 [FXGL Background Thread 4 ] DEBUG FXGLApplication      - Initializing game
23:20:27.722 [JavaFX Application Thread] DEBUG FXGLApplication      - Registering font factories with UI factory
23:20:27.727 [FXGL Background Thread 4 ] DEBUG FXGLAssetLoaderServi - Loading from file system: file:/Users/devrrior/Repos/schoolSimulator/target/classes/assets/textures/background.jpg
23:20:27.737 [FXGL Background Thread 4 ] INFO  FXGLApplication      - Game initialization took: 0.038 sec
23:20:27.738 [JavaFX Application Thread] DEBUG Input                - Clearing active input actions
23:20:27.741 [JavaFX Application Thread] DEBUG GameApplicationServi - Removing overlay from FXGLLoadingScene and adding to GameScene
23:20:27.741 [JavaFX Application Thread] DEBUG PrimaryStageWindow   - FXGLLoadingScene -> GameScene
23:20:28.172 [FXGL Background Thread 2 ] INFO  UpdaterService       - Your current version:  17.2
23:20:28.172 [FXGL Background Thread 2 ] INFO  UpdaterService       - Latest stable version: 17.3
23:20:30.661 [FXGL Background Thread 3 ] DEBUG Engine               - Logging environment variables
23:20:30.670 [FXGL Background Thread 3 ] DEBUG Engine               - achievements: []
23:20:30.670 [FXGL Background Thread 3 ] DEBUG Engine               - actualHeight: 450.0
23:20:30.670 [FXGL Background Thread 3 ] DEBUG Engine               - actualHeightProperty: ReadOnlyDoubleProperty [value: 450.0]
23:20:30.671 [FXGL Background Thread 3 ] DEBUG Engine               - actualWidth: 800.0
23:20:30.671 [FXGL Background Thread 3 ] DEBUG Engine               - actualWidthProperty: ReadOnlyDoubleProperty [value: 800.0]
23:20:30.671 [FXGL Background Thread 3 ] DEBUG Engine               - appIcon: fxgl_icon.png
23:20:30.671 [FXGL Background Thread 3 ] DEBUG Engine               - applicationMode: DEVELOPER
23:20:30.671 [FXGL Background Thread 3 ] DEBUG Engine               - cSSList: [fxgl_dark.css]
23:20:30.671 [FXGL Background Thread 3 ] DEBUG Engine               - collisionDetectionStrategy: BRUTE_FORCE
23:20:30.671 [FXGL Background Thread 3 ] DEBUG Engine               - configClass: Optional.empty
23:20:30.671 [FXGL Background Thread 3 ] DEBUG Engine               - credits: []
23:20:30.672 [FXGL Background Thread 3 ] DEBUG Engine               - defaultCursor: CursorInfo(imageName=fxgl_default_cursor.png, hotspotX=7.0, hotspotY=6.0)
23:20:30.673 [FXGL Background Thread 3 ] DEBUG Engine               - devBBoxColorProperty: ObjectProperty [value: 0xff0000ff]
23:20:30.673 [FXGL Background Thread 3 ] DEBUG Engine               - devEnableDebugCameraProperty: BooleanProperty [value: false]
23:20:30.673 [FXGL Background Thread 3 ] DEBUG Engine               - devSensorColorProperty: ObjectProperty [value: 0xffff00ff]
23:20:30.673 [FXGL Background Thread 3 ] DEBUG Engine               - devShowBBoxProperty: BooleanProperty [value: false]
23:20:30.673 [FXGL Background Thread 3 ] DEBUG Engine               - devShowPositionProperty: BooleanProperty [value: false]
23:20:30.676 [FXGL Background Thread 3 ] DEBUG Engine               - enabledMenuItems: []
23:20:30.676 [FXGL Background Thread 3 ] DEBUG Engine               - engineServices: [class com.almasb.fxgl.app.services.FXGLAssetLoaderService, class com.almasb.fxgl.app.FXGLApplication$GameApplicationService, class com.almasb.fxgl.app.services.FXGLDialogService, class com.almasb.fxgl.app.services.IOTaskExecutorService, class com.almasb.fxgl.io.FileSystemService, class com.almasb.fxgl.localization.LocalizationService, class com.almasb.fxgl.app.services.SystemBundleService, class com.almasb.fxgl.profile.SaveLoadService, class com.almasb.fxgl.ui.FXGLUIFactoryServiceProvider, class com.almasb.fxgl.ui.FXGLDialogFactoryServiceProvider, class com.almasb.fxgl.audio.AudioPlayer, class com.almasb.fxgl.notification.impl.NotificationServiceProvider, class com.almasb.fxgl.achievement.AchievementService, class com.almasb.fxgl.cutscene.CutsceneService, class com.almasb.fxgl.minigames.MiniGameService, class com.almasb.fxgl.net.NetService, class com.almasb.fxgl.app.services.UpdaterService, class com.almasb.fxgl.dev.DevService]
23:20:30.677 [FXGL Background Thread 3 ] DEBUG Engine               - fontGame: Abel-Regular.ttf
23:20:30.677 [FXGL Background Thread 3 ] DEBUG Engine               - fontMono: TerminalLandMono-Regular.otf
23:20:30.677 [FXGL Background Thread 3 ] DEBUG Engine               - fontText: Courier-Prime.ttf
23:20:30.677 [FXGL Background Thread 3 ] DEBUG Engine               - fontUI: VarelaRound-Regular.ttf
23:20:30.677 [FXGL Background Thread 3 ] DEBUG Engine               - fullScreen: BooleanProperty [value: false]
23:20:30.677 [FXGL Background Thread 3 ] DEBUG Engine               - gameDifficulty: MEDIUM
23:20:30.677 [FXGL Background Thread 3 ] DEBUG Engine               - gameDifficultyProperty: ObjectProperty [value: MEDIUM]
23:20:30.678 [FXGL Background Thread 3 ] DEBUG Engine               - globalMusicVolume: 0.5
23:20:30.678 [FXGL Background Thread 3 ] DEBUG Engine               - globalMusicVolumeProperty: DoubleProperty [value: 0.5]
23:20:30.678 [FXGL Background Thread 3 ] DEBUG Engine               - globalSoundVolume: 0.5
23:20:30.678 [FXGL Background Thread 3 ] DEBUG Engine               - globalSoundVolumeProperty: DoubleProperty [value: 0.5]
23:20:30.678 [FXGL Background Thread 3 ] DEBUG Engine               - height: 450
23:20:30.678 [FXGL Background Thread 3 ] DEBUG Engine               - is3D: false
23:20:30.678 [FXGL Background Thread 3 ] DEBUG Engine               - isAndroid: false
23:20:30.678 [FXGL Background Thread 3 ] DEBUG Engine               - isBrowser: false
23:20:30.678 [FXGL Background Thread 3 ] DEBUG Engine               - isClickFeedbackEnabled: false
23:20:30.678 [FXGL Background Thread 3 ] DEBUG Engine               - isCloseConfirmation: false
23:20:30.679 [FXGL Background Thread 3 ] DEBUG Engine               - isDesktop: true
23:20:30.679 [FXGL Background Thread 3 ] DEBUG Engine               - isDeveloperMenuEnabled: false
23:20:30.679 [FXGL Background Thread 3 ] DEBUG Engine               - isEmbedded: false
23:20:30.679 [FXGL Background Thread 3 ] DEBUG Engine               - isEntityPreloadEnabled: true
23:20:30.679 [FXGL Background Thread 3 ] DEBUG Engine               - isExperimentalTiledLargeMap: false
23:20:30.679 [FXGL Background Thread 3 ] DEBUG Engine               - isFileSystemWriteAllowed: true
23:20:30.679 [FXGL Background Thread 3 ] DEBUG Engine               - isFullScreenAllowed: false
23:20:30.679 [FXGL Background Thread 3 ] DEBUG Engine               - isFullScreenFromStart: false
23:20:30.679 [FXGL Background Thread 3 ] DEBUG Engine               - isGameMenuEnabled: true
23:20:30.679 [FXGL Background Thread 3 ] DEBUG Engine               - isIOS: false
23:20:30.679 [FXGL Background Thread 3 ] DEBUG Engine               - isIntroEnabled: false
23:20:30.680 [FXGL Background Thread 3 ] DEBUG Engine               - isLinux: false
23:20:30.680 [FXGL Background Thread 3 ] DEBUG Engine               - isMac: true
23:20:30.680 [FXGL Background Thread 3 ] DEBUG Engine               - isMainMenuEnabled: false
23:20:30.680 [FXGL Background Thread 3 ] DEBUG Engine               - isManualResizeEnabled: false
23:20:30.680 [FXGL Background Thread 3 ] DEBUG Engine               - isMobile: false
23:20:30.680 [FXGL Background Thread 3 ] DEBUG Engine               - isNative: false
23:20:30.680 [FXGL Background Thread 3 ] DEBUG Engine               - isPauseMusicWhenMinimized: true
23:20:30.680 [FXGL Background Thread 3 ] DEBUG Engine               - isPreserveResizeRatio: false
23:20:30.680 [FXGL Background Thread 3 ] DEBUG Engine               - isProfilingEnabled: false
23:20:30.680 [FXGL Background Thread 3 ] DEBUG Engine               - isScaleAffectedOnResize: true
23:20:30.680 [FXGL Background Thread 3 ] DEBUG Engine               - isSingleStep: false
23:20:30.680 [FXGL Background Thread 3 ] DEBUG Engine               - isUserProfileEnabled: false
23:20:30.681 [FXGL Background Thread 3 ] DEBUG Engine               - isWindows: false
23:20:30.681 [FXGL Background Thread 3 ] DEBUG Engine               - language: ObjectProperty [value: ENGLISH]
23:20:30.681 [FXGL Background Thread 3 ] DEBUG Engine               - menuKey: ESCAPE
23:20:30.681 [FXGL Background Thread 3 ] DEBUG Engine               - mouseSensitivity: 0.2
23:20:30.681 [FXGL Background Thread 3 ] DEBUG Engine               - notificationViewClass: class com.almasb.fxgl.notification.view.XboxNotificationView
23:20:30.681 [FXGL Background Thread 3 ] DEBUG Engine               - pixelsPerMeter: 50.0
23:20:30.681 [FXGL Background Thread 3 ] DEBUG Engine               - platform: MAC
23:20:30.681 [FXGL Background Thread 3 ] DEBUG Engine               - prefHeightProperty: ReadOnlyDoubleProperty [value: 450.0]
23:20:30.681 [FXGL Background Thread 3 ] DEBUG Engine               - prefWidthProperty: ReadOnlyDoubleProperty [value: 800.0]
23:20:30.681 [FXGL Background Thread 3 ] DEBUG Engine               - profileDir: profiles/
23:20:30.682 [FXGL Background Thread 3 ] DEBUG Engine               - profileName: StringProperty [value: DEFAULT]
23:20:30.682 [FXGL Background Thread 3 ] DEBUG Engine               - randomSeed: -1
23:20:30.682 [FXGL Background Thread 3 ] DEBUG Engine               - runtimeInfo: RuntimeInfo(platform=MAC, version=17.2, build=20.08.2022 16.50)
23:20:30.682 [FXGL Background Thread 3 ] DEBUG Engine               - saveFileExt: sav
23:20:30.682 [FXGL Background Thread 3 ] DEBUG Engine               - scaledHeightProp$fxgl: DoubleProperty [bound, value: 450.0]
23:20:30.682 [FXGL Background Thread 3 ] DEBUG Engine               - scaledWidthProp$fxgl: DoubleProperty [bound, value: 800.0]
23:20:30.682 [FXGL Background Thread 3 ] DEBUG Engine               - sceneFactory: com.almasb.fxgl.app.scene.SceneFactory@75505b77
23:20:30.682 [FXGL Background Thread 3 ] DEBUG Engine               - secondsIn24h: 60
23:20:30.682 [FXGL Background Thread 3 ] DEBUG Engine               - soundMenuBack: menu/back.wav
23:20:30.682 [FXGL Background Thread 3 ] DEBUG Engine               - soundMenuPress: menu/press.wav
23:20:30.682 [FXGL Background Thread 3 ] DEBUG Engine               - soundMenuSelect: menu/select.wav
23:20:30.682 [FXGL Background Thread 3 ] DEBUG Engine               - soundNotification: core/notification.wav
23:20:30.682 [FXGL Background Thread 3 ] DEBUG Engine               - stageStyle: DECORATED
23:20:30.682 [FXGL Background Thread 3 ] DEBUG Engine               - supportedLanguages: [ENGLISH, FRENCH, GERMAN, HUNGARIAN, RUSSIAN]
23:20:30.682 [FXGL Background Thread 3 ] DEBUG Engine               - ticksPerSecond: -1
23:20:30.682 [FXGL Background Thread 3 ] DEBUG Engine               - title: School Simulator
23:20:30.682 [FXGL Background Thread 3 ] DEBUG Engine               - urlGithub: https://github.com/AlmasB/FXGL
23:20:30.682 [FXGL Background Thread 3 ] DEBUG Engine               - urlLeaderboard: http://fxgl-top.herokuapp.com/
23:20:30.682 [FXGL Background Thread 3 ] DEBUG Engine               - urlPOM: https://raw.githubusercontent.com/AlmasB/FXGL/release/README.md
23:20:30.682 [FXGL Background Thread 3 ] DEBUG Engine               - userAppClass: class com.example.schoolsimulator.SchoolSimulatorApplication
23:20:30.682 [FXGL Background Thread 3 ] DEBUG Engine               - version: 0.1
23:20:30.682 [FXGL Background Thread 3 ] DEBUG Engine               - versionCheckDays: 7
23:20:30.682 [FXGL Background Thread 3 ] DEBUG Engine               - width: 800
23:20:30.682 [FXGL Background Thread 3 ] DEBUG Engine               - Logging services
23:20:30.682 [FXGL Background Thread 3 ] DEBUG Engine               - class com.almasb.fxgl.app.services.FXGLAssetLoaderService
23:20:30.682 [FXGL Background Thread 3 ] DEBUG Engine               - class com.almasb.fxgl.app.FXGLApplication$GameApplicationService
23:20:30.682 [FXGL Background Thread 3 ] DEBUG Engine               - class com.almasb.fxgl.app.services.FXGLDialogService
23:20:30.682 [FXGL Background Thread 3 ] DEBUG Engine               - class com.almasb.fxgl.app.services.IOTaskExecutorService
23:20:30.682 [FXGL Background Thread 3 ] DEBUG Engine               - class com.almasb.fxgl.io.FileSystemService
23:20:30.682 [FXGL Background Thread 3 ] DEBUG Engine               - class com.almasb.fxgl.localization.LocalizationService
23:20:30.682 [FXGL Background Thread 3 ] DEBUG Engine               - class com.almasb.fxgl.app.services.SystemBundleService
23:20:30.682 [FXGL Background Thread 3 ] DEBUG Engine               - class com.almasb.fxgl.profile.SaveLoadService
23:20:30.682 [FXGL Background Thread 3 ] DEBUG Engine               - class com.almasb.fxgl.ui.FXGLUIFactoryServiceProvider
23:20:30.683 [FXGL Background Thread 3 ] DEBUG Engine               - class com.almasb.fxgl.ui.FXGLDialogFactoryServiceProvider
23:20:30.683 [FXGL Background Thread 3 ] DEBUG Engine               - class com.almasb.fxgl.audio.AudioPlayer
23:20:30.683 [FXGL Background Thread 3 ] DEBUG Engine               - class com.almasb.fxgl.notification.impl.NotificationServiceProvider
23:20:30.683 [FXGL Background Thread 3 ] DEBUG Engine               - class com.almasb.fxgl.achievement.AchievementService
23:20:30.683 [FXGL Background Thread 3 ] DEBUG Engine               - class com.almasb.fxgl.cutscene.CutsceneService
23:20:30.683 [FXGL Background Thread 3 ] DEBUG Engine               - class com.almasb.fxgl.minigames.MiniGameService
23:20:30.683 [FXGL Background Thread 3 ] DEBUG Engine               - class com.almasb.fxgl.net.NetService
23:20:30.683 [FXGL Background Thread 3 ] DEBUG Engine               - class com.almasb.fxgl.app.services.UpdaterService
23:20:30.683 [FXGL Background Thread 3 ] DEBUG Engine               - class com.almasb.fxgl.dev.DevService
23:20:32.151 [JavaFX Application Thread] DEBUG FXGLAssetLoaderServi - Loading from file system: file:/Users/devrrior/Repos/schoolSimulator/target/classes/assets/textures/student.png
23:21:04.445 [JavaFX Application Thread] DEBUG LoopRunner           - Stopping loop
23:21:04.451 [JavaFX Application Thread] FATAL FXGLApplication      - Uncaught Exception:
java.lang.IllegalMonitorStateException: current thread is not owner
	at java.base/java.lang.Object.wait(Native Method)
	at java.base/java.lang.Object.wait(Object.java:338)
	at com.example.schoolsimulator/com.example.schoolsimulator.monitors.Manager.getSeatAvailable(Manager.java:77)
	at com.example.schoolsimulator/com.example.schoolsimulator.controllers.SimulatorController.lambda$initialize$0(SimulatorController.java:26)
	at com.almasb.fxgl.core@17.2/com.almasb.fxgl.time.TimerAction.update(TimerAction.kt:69)
	at com.almasb.fxgl.core@17.2/com.almasb.fxgl.time.Timer.update(Timer.kt:38)
	at com.almasb.fxgl.scene@17.2/com.almasb.fxgl.scene.Scene.update(Scene.kt:104)
	at com.almasb.fxgl.all@17.2/com.almasb.fxgl.app.MainWindow$update$1.invoke(MainWindow.kt:115)
	at com.almasb.fxgl.all@17.2/com.almasb.fxgl.app.MainWindow$update$1.invoke(MainWindow.kt:115)
	at com.almasb.fxgl.core@17.2/com.almasb.fxgl.core.fsm.StateMachine.runOnActiveStates(StateMachine.kt:69)
	at com.almasb.fxgl.all@17.2/com.almasb.fxgl.app.MainWindow.update(MainWindow.kt:115)
	at com.almasb.fxgl.all@17.2/com.almasb.fxgl.app.FXGLApplication$GameApplicationService.onUpdate(FXGLApplication.kt:426)
	at com.almasb.fxgl.all@17.2/com.almasb.fxgl.app.Engine.loop(Engine.kt:134)
	at com.almasb.fxgl.all@17.2/com.almasb.fxgl.app.Engine.access$loop(Engine.kt:24)
	at com.almasb.fxgl.all@17.2/com.almasb.fxgl.app.Engine$loop$1.invoke(Engine.kt:28)
	at com.almasb.fxgl.all@17.2/com.almasb.fxgl.app.Engine$loop$1.invoke(Engine.kt:28)
	at com.almasb.fxgl.all@17.2/com.almasb.fxgl.app.LoopRunner.frame(LoopRunner.kt:103)
	at com.almasb.fxgl.all@17.2/com.almasb.fxgl.app.LoopRunner.access$frame(LoopRunner.kt:23)
	at com.almasb.fxgl.all@17.2/com.almasb.fxgl.app.LoopRunner$impl$2$1.onTick(LoopRunner.kt:57)
	at com.almasb.fxgl.all@17.2/com.almasb.fxgl.app.AnimationTimerLoop$timer$1.handle(LoopRunner.kt:137)
	at javafx.graphics/javafx.animation.AnimationTimer$AnimationTimerReceiver.lambda$handle$0(AnimationTimer.java:58)
	at java.base/java.security.AccessController.doPrivileged(AccessController.java:399)
	at javafx.graphics/javafx.animation.AnimationTimer$AnimationTimerReceiver.handle(AnimationTimer.java:57)
	at javafx.graphics/com.sun.scenario.animation.AbstractPrimaryTimer.timePulseImpl(AbstractPrimaryTimer.java:356)
	at javafx.graphics/com.sun.scenario.animation.AbstractPrimaryTimer$MainLoop.run(AbstractPrimaryTimer.java:266)
	at javafx.graphics/com.sun.javafx.tk.quantum.QuantumToolkit.pulse(QuantumToolkit.java:571)
	at javafx.graphics/com.sun.javafx.tk.quantum.QuantumToolkit.pulse(QuantumToolkit.java:555)
	at javafx.graphics/com.sun.javafx.tk.quantum.QuantumToolkit.pulseFromQueue(QuantumToolkit.java:548)
	at javafx.graphics/com.sun.javafx.tk.quantum.QuantumToolkit.lambda$runToolkit$11(QuantumToolkit.java:353)
	at javafx.graphics/com.sun.glass.ui.InvokeLaterDispatcher$Future.run(InvokeLaterDispatcher.java:96)

23:21:04.452 [JavaFX Application Thread] FATAL FXGLApplication      - Application will now exit
23:21:04.476 [JavaFX Application Thread] DEBUG PrimaryStageWindow   - Push state: ErrorSubScene
23:21:04.476 [JavaFX Application Thread] DEBUG Input                - Clearing active input actions
23:21:04.481 [JavaFX Application Thread] DEBUG GameApplicationServi - Removing overlay from GameScene and adding to ErrorSubScene
23:21:04.481 [JavaFX Application Thread] DEBUG PrimaryStageWindow   - GameScene -> ErrorSubScene
23:21:07.670 [JavaFX Application Thread] DEBUG FXGLApplication      - Exiting FXGL
23:21:07.671 [JavaFX Application Thread] DEBUG Async                - Shutting down background threads
23:21:07.671 [JavaFX Application Thread] DEBUG PrimaryStageWindow   - Closing main window
23:21:07.692 [JavaFX Application Thread] DEBUG Logger               - Closing Logger
